<?xml version="1.0" encoding="UTF-8"?>
<testsuite xmlns:xsi="http://www.w3.org/2001/XMLSchema-instance" xsi:noNamespaceSchemaLocation="https://maven.apache.org/surefire/maven-surefire-plugin/xsd/surefire-test-report-3.0.xsd" version="3.0" name="com.madhu.vmns.factory.ProjectFactoryTest" time="0.533" tests="4" errors="0" skipped="0" failures="0">
  <properties>
    <property name="sun.desktop" value="windows"/>
    <property name="awt.toolkit" value="sun.awt.windows.WToolkit"/>
    <property name="file.encoding.pkg" value="sun.io"/>
    <property name="java.specification.version" value="1.8"/>
    <property name="sun.cpu.isalist" value="amd64"/>
    <property name="sun.jnu.encoding" value="Cp1252"/>
    <property name="java.class.path" value="F:\vmnswebapp\employeetask\target\test-classes;F:\vmnswebapp\employeetask\target\classes;C:\Users\dell\.m2\repository\org\glassfish\jersey\containers\jersey-container-servlet-core\2.25\jersey-container-servlet-core-2.25.jar;C:\Users\dell\.m2\repository\org\glassfish\hk2\external\javax.inject\2.5.0-b30\javax.inject-2.5.0-b30.jar;C:\Users\dell\.m2\repository\org\glassfish\jersey\core\jersey-common\2.25\jersey-common-2.25.jar;C:\Users\dell\.m2\repository\javax\annotation\javax.annotation-api\1.2\javax.annotation-api-1.2.jar;C:\Users\dell\.m2\repository\org\glassfish\jersey\bundles\repackaged\jersey-guava\2.25\jersey-guava-2.25.jar;C:\Users\dell\.m2\repository\org\glassfish\hk2\hk2-api\2.5.0-b30\hk2-api-2.5.0-b30.jar;C:\Users\dell\.m2\repository\org\glassfish\hk2\hk2-utils\2.5.0-b30\hk2-utils-2.5.0-b30.jar;C:\Users\dell\.m2\repository\org\glassfish\hk2\external\aopalliance-repackaged\2.5.0-b30\aopalliance-repackaged-2.5.0-b30.jar;C:\Users\dell\.m2\repository\org\glassfish\hk2\hk2-locator\2.5.0-b30\hk2-locator-2.5.0-b30.jar;C:\Users\dell\.m2\repository\org\javassist\javassist\3.20.0-GA\javassist-3.20.0-GA.jar;C:\Users\dell\.m2\repository\org\glassfish\hk2\osgi-resource-locator\1.0.1\osgi-resource-locator-1.0.1.jar;C:\Users\dell\.m2\repository\org\glassfish\jersey\core\jersey-server\2.25\jersey-server-2.25.jar;C:\Users\dell\.m2\repository\org\glassfish\jersey\core\jersey-client\2.25\jersey-client-2.25.jar;C:\Users\dell\.m2\repository\org\glassfish\jersey\media\jersey-media-jaxb\2.25\jersey-media-jaxb-2.25.jar;C:\Users\dell\.m2\repository\javax\validation\validation-api\1.1.0.Final\validation-api-1.1.0.Final.jar;C:\Users\dell\.m2\repository\javax\ws\rs\javax.ws.rs-api\2.0.1\javax.ws.rs-api-2.0.1.jar;C:\Users\dell\.m2\repository\org\glassfish\jersey\media\jersey-media-json-jackson\2.25\jersey-media-json-jackson-2.25.jar;C:\Users\dell\.m2\repository\org\glassfish\jersey\ext\jersey-entity-filtering\2.25\jersey-entity-filtering-2.25.jar;C:\Users\dell\.m2\repository\com\fasterxml\jackson\jaxrs\jackson-jaxrs-base\2.8.4\jackson-jaxrs-base-2.8.4.jar;C:\Users\dell\.m2\repository\com\fasterxml\jackson\core\jackson-core\2.8.4\jackson-core-2.8.4.jar;C:\Users\dell\.m2\repository\com\fasterxml\jackson\core\jackson-databind\2.8.4\jackson-databind-2.8.4.jar;C:\Users\dell\.m2\repository\com\fasterxml\jackson\jaxrs\jackson-jaxrs-json-provider\2.8.4\jackson-jaxrs-json-provider-2.8.4.jar;C:\Users\dell\.m2\repository\com\fasterxml\jackson\module\jackson-module-jaxb-annotations\2.8.4\jackson-module-jaxb-annotations-2.8.4.jar;C:\Users\dell\.m2\repository\com\fasterxml\jackson\core\jackson-annotations\2.8.4\jackson-annotations-2.8.4.jar;C:\Users\dell\.m2\repository\org\jmockit\jmockit\1.33\jmockit-1.33.jar;C:\Users\dell\.m2\repository\junit\junit\4.13\junit-4.13.jar;C:\Users\dell\.m2\repository\org\hamcrest\hamcrest-core\1.3\hamcrest-core-1.3.jar;C:\Users\dell\.m2\repository\org\jdbi\jdbi\2.73\jdbi-2.73.jar;C:\Users\dell\.m2\repository\mysql\mysql-connector-java\8.0.16\mysql-connector-java-8.0.16.jar;C:\Users\dell\.m2\repository\com\google\protobuf\protobuf-java\3.6.1\protobuf-java-3.6.1.jar;C:\Users\dell\.m2\repository\org\projectlombok\lombok\1.16.12\lombok-1.16.12.jar;"/>
    <property name="java.vm.vendor" value="Oracle Corporation"/>
    <property name="sun.arch.data.model" value="64"/>
    <property name="user.variant" value=""/>
    <property name="java.vendor.url" value="http://java.oracle.com/"/>
    <property name="user.timezone" value="Asia/Calcutta"/>
    <property name="java.vm.specification.version" value="1.8"/>
    <property name="os.name" value="Windows 10"/>
    <property name="user.country" value="US"/>
    <property name="sun.java.launcher" value="SUN_STANDARD"/>
    <property name="sun.boot.library.path" value="C:\Program Files\Java\jdk1.8.0_201\jre\bin"/>
    <property name="sun.java.command" value="C:\Users\dell\AppData\Local\Temp\surefire7505747341387561944\surefirebooter3218468159649941844.jar C:\Users\dell\AppData\Local\Temp\surefire7505747341387561944 2020-10-14T13-37-50_121-jvmRun1 surefire1512797164853520573tmp surefire_04008615178833277473tmp"/>
    <property name="surefire.test.class.path" value="F:\vmnswebapp\employeetask\target\test-classes;F:\vmnswebapp\employeetask\target\classes;C:\Users\dell\.m2\repository\org\glassfish\jersey\containers\jersey-container-servlet-core\2.25\jersey-container-servlet-core-2.25.jar;C:\Users\dell\.m2\repository\org\glassfish\hk2\external\javax.inject\2.5.0-b30\javax.inject-2.5.0-b30.jar;C:\Users\dell\.m2\repository\org\glassfish\jersey\core\jersey-common\2.25\jersey-common-2.25.jar;C:\Users\dell\.m2\repository\javax\annotation\javax.annotation-api\1.2\javax.annotation-api-1.2.jar;C:\Users\dell\.m2\repository\org\glassfish\jersey\bundles\repackaged\jersey-guava\2.25\jersey-guava-2.25.jar;C:\Users\dell\.m2\repository\org\glassfish\hk2\hk2-api\2.5.0-b30\hk2-api-2.5.0-b30.jar;C:\Users\dell\.m2\repository\org\glassfish\hk2\hk2-utils\2.5.0-b30\hk2-utils-2.5.0-b30.jar;C:\Users\dell\.m2\repository\org\glassfish\hk2\external\aopalliance-repackaged\2.5.0-b30\aopalliance-repackaged-2.5.0-b30.jar;C:\Users\dell\.m2\repository\org\glassfish\hk2\hk2-locator\2.5.0-b30\hk2-locator-2.5.0-b30.jar;C:\Users\dell\.m2\repository\org\javassist\javassist\3.20.0-GA\javassist-3.20.0-GA.jar;C:\Users\dell\.m2\repository\org\glassfish\hk2\osgi-resource-locator\1.0.1\osgi-resource-locator-1.0.1.jar;C:\Users\dell\.m2\repository\org\glassfish\jersey\core\jersey-server\2.25\jersey-server-2.25.jar;C:\Users\dell\.m2\repository\org\glassfish\jersey\core\jersey-client\2.25\jersey-client-2.25.jar;C:\Users\dell\.m2\repository\org\glassfish\jersey\media\jersey-media-jaxb\2.25\jersey-media-jaxb-2.25.jar;C:\Users\dell\.m2\repository\javax\validation\validation-api\1.1.0.Final\validation-api-1.1.0.Final.jar;C:\Users\dell\.m2\repository\javax\ws\rs\javax.ws.rs-api\2.0.1\javax.ws.rs-api-2.0.1.jar;C:\Users\dell\.m2\repository\org\glassfish\jersey\media\jersey-media-json-jackson\2.25\jersey-media-json-jackson-2.25.jar;C:\Users\dell\.m2\repository\org\glassfish\jersey\ext\jersey-entity-filtering\2.25\jersey-entity-filtering-2.25.jar;C:\Users\dell\.m2\repository\com\fasterxml\jackson\jaxrs\jackson-jaxrs-base\2.8.4\jackson-jaxrs-base-2.8.4.jar;C:\Users\dell\.m2\repository\com\fasterxml\jackson\core\jackson-core\2.8.4\jackson-core-2.8.4.jar;C:\Users\dell\.m2\repository\com\fasterxml\jackson\core\jackson-databind\2.8.4\jackson-databind-2.8.4.jar;C:\Users\dell\.m2\repository\com\fasterxml\jackson\jaxrs\jackson-jaxrs-json-provider\2.8.4\jackson-jaxrs-json-provider-2.8.4.jar;C:\Users\dell\.m2\repository\com\fasterxml\jackson\module\jackson-module-jaxb-annotations\2.8.4\jackson-module-jaxb-annotations-2.8.4.jar;C:\Users\dell\.m2\repository\com\fasterxml\jackson\core\jackson-annotations\2.8.4\jackson-annotations-2.8.4.jar;C:\Users\dell\.m2\repository\org\jmockit\jmockit\1.33\jmockit-1.33.jar;C:\Users\dell\.m2\repository\junit\junit\4.13\junit-4.13.jar;C:\Users\dell\.m2\repository\org\hamcrest\hamcrest-core\1.3\hamcrest-core-1.3.jar;C:\Users\dell\.m2\repository\org\jdbi\jdbi\2.73\jdbi-2.73.jar;C:\Users\dell\.m2\repository\mysql\mysql-connector-java\8.0.16\mysql-connector-java-8.0.16.jar;C:\Users\dell\.m2\repository\com\google\protobuf\protobuf-java\3.6.1\protobuf-java-3.6.1.jar;C:\Users\dell\.m2\repository\org\projectlombok\lombok\1.16.12\lombok-1.16.12.jar;"/>
    <property name="sun.cpu.endian" value="little"/>
    <property name="user.home" value="C:\Users\dell"/>
    <property name="user.language" value="en"/>
    <property name="java.specification.vendor" value="Oracle Corporation"/>
    <property name="java.home" value="C:\Program Files\Java\jdk1.8.0_201\jre"/>
    <property name="basedir" value="F:\vmnswebapp\employeetask"/>
    <property name="file.separator" value="\"/>
    <property name="line.separator" value="&#10;"/>
    <property name="java.vm.specification.vendor" value="Oracle Corporation"/>
    <property name="java.specification.name" value="Java Platform API Specification"/>
    <property name="java.awt.graphicsenv" value="sun.awt.Win32GraphicsEnvironment"/>
    <property name="surefire.real.class.path" value="C:\Users\dell\AppData\Local\Temp\surefire7505747341387561944\surefirebooter3218468159649941844.jar"/>
    <property name="sun.boot.class.path" value="C:\Program Files\Java\jdk1.8.0_201\jre\lib\resources.jar;C:\Program Files\Java\jdk1.8.0_201\jre\lib\rt.jar;C:\Program Files\Java\jdk1.8.0_201\jre\lib\sunrsasign.jar;C:\Program Files\Java\jdk1.8.0_201\jre\lib\jsse.jar;C:\Program Files\Java\jdk1.8.0_201\jre\lib\jce.jar;C:\Program Files\Java\jdk1.8.0_201\jre\lib\charsets.jar;C:\Program Files\Java\jdk1.8.0_201\jre\lib\jfr.jar;C:\Program Files\Java\jdk1.8.0_201\jre\classes"/>
    <property name="user.script" value=""/>
    <property name="sun.management.compiler" value="HotSpot 64-Bit Tiered Compilers"/>
    <property name="java.runtime.version" value="1.8.0_201-b09"/>
    <property name="user.name" value="dell"/>
    <property name="path.separator" value=";"/>
    <property name="os.version" value="10.0"/>
    <property name="java.endorsed.dirs" value="C:\Program Files\Java\jdk1.8.0_201\jre\lib\endorsed"/>
    <property name="java.runtime.name" value="Java(TM) SE Runtime Environment"/>
    <property name="file.encoding" value="Cp1252"/>
    <property name="java.vm.name" value="Java HotSpot(TM) 64-Bit Server VM"/>
    <property name="localRepository" value="C:\Users\dell\.m2\repository"/>
    <property name="java.vendor.url.bug" value="http://bugreport.sun.com/bugreport/"/>
    <property name="java.io.tmpdir" value="C:\Users\dell\AppData\Local\Temp\"/>
    <property name="java.version" value="1.8.0_201"/>
    <property name="user.dir" value="F:\vmnswebapp\employeetask"/>
    <property name="os.arch" value="amd64"/>
    <property name="java.vm.specification.name" value="Java Virtual Machine Specification"/>
    <property name="java.awt.printerjob" value="sun.awt.windows.WPrinterJob"/>
    <property name="sun.os.patch.level" value=""/>
    <property name="java.library.path" value="C:\Program Files\Java\jdk1.8.0_201\jre\bin;C:\Windows\Sun\Java\bin;C:\Windows\system32;C:\Windows;C:\Users\dell\bin;C:\Program Files\Git\mingw64\bin;C:\Program Files\Git\usr\local\bin;C:\Program Files\Git\usr\bin;C:\Program Files\Git\usr\bin;C:\Program Files\Git\mingw64\bin;C:\Program Files\Git\usr\bin;C:\Users\dell\bin;C:\Program Files (x86)\Common Files\Oracle\Java\javapath;C:\Program Files\nodejs;C:\Windows\system32;C:\Windows;C:\Windows\System32\Wbem;C:\Windows\System32\WindowsPowerShell\v1.0;C:\Windows\System32\OpenSSH;C:\Program Files\Git\cmd;C:\Program Files\nodejs\node_modules\npm\bin;C:\softwares\apache-maven-3.5.0-bin\apache-maven-3.5.0\bin;C:\Program Files\Java\jdk1.8.0_201\bin;C:\Program Files\Java\jre1.8.0_261\bin;C:\Program Files\Apache Software Foundation\Tomcat 9.0\bin;C:\Program Files\Apache Software Foundation\Tomcat 9.0\lib\servlet-api.jar;C:\Program Files\Java\jdk1.8.0_201\bin;C:\Program Files\MySQL\MySQL Shell 8.0\bin;C:\Users\dell\AppData\Local\Microsoft\WindowsApps;C:\Users\dell\AppData\Roaming\npm;C:\Users\dell\AppData\Local\Programs\Microsoft VS Code\bin;C:\Program Files\Git\usr\bin\vendor_perl;C:\Program Files\Git\usr\bin\core_perl;."/>
    <property name="java.vm.info" value="mixed mode"/>
    <property name="java.vendor" value="Oracle Corporation"/>
    <property name="java.vm.version" value="25.201-b09"/>
    <property name="java.ext.dirs" value="C:\Program Files\Java\jdk1.8.0_201\jre\lib\ext;C:\Windows\Sun\Java\lib\ext"/>
    <property name="sun.io.unicode.encoding" value="UnicodeLittle"/>
    <property name="java.class.version" value="52.0"/>
  </properties>
  <testcase name="Prodetails" classname="com.madhu.vmns.factory.ProjectFactoryTest" time="0.473"/>
  <testcase name="insertProject" classname="com.madhu.vmns.factory.ProjectFactoryTest" time="0.023"/>
  <testcase name="showProject" classname="com.madhu.vmns.factory.ProjectFactoryTest" time="0.011"/>
  <testcase name="testDefaultConstructor" classname="com.madhu.vmns.factory.ProjectFactoryTest" time="0"/>
</testsuite>